# /nfs/site/disks/crt_tools_055/ip2sd/23.02.001/bin/stageBin/ip2sd_checkinputs.pl
-I- Using /p/hdk/cad/librarycompiler/T-2022.03-SP3/bin/lc_shell -no_home_init for lib operations
Starting ip2sd_checkinputs
Using ip2sdCfg file ip2sdCfg_32209.pm
-I- Reading IP config file: /nfs/site/disks/ipg_scf_00159/ajavidi_ship/SHIP_23ww17d4/arf156b040e2r2w0cbbehbaa4acw_work/ship/ip/arf156b040e2r2w0cbbehbaa4acw/zsc11_scc018177_28Apr2023_025014/ip2sd/collateral/ebb/cfg/arf156b040e2r2w0cbbehbaa4acw.cfg
-I- Sucessfully read config file.
-I- Creating tcl file to give to dc_shell to test libs
-I- Libs are: arf156b040e2r2w0cbbehbaa4acw_p1276d4_tmin_0.55v_100c.min.lib,arf156b040e2r2w0cbbehbaa4acw_p1276d4_tmin_0.65v_100c.min.lib,arf156b040e2r2w0cbbehbaa4acw_p1276d4_tmin_0.85v_100c.min.lib,arf156b040e2r2w0cbbehbaa4acw_p1276d4_tmin_1.10v_100c.min.lib,arf156b040e2r2w0cbbehbaa4acw_p1276d4_tttt_0.55v_100c.max.lib,arf156b040e2r2w0cbbehbaa4acw_p1276d4_tttt_0.65v_100c.max.lib,arf156b040e2r2w0cbbehbaa4acw_p1276d4_tttt_0.85v_100c.max.lib,arf156b040e2r2w0cbbehbaa4acw_p1276d4_tttt_1.10v_100c.max.lib
-I- Logfile: /nfs/site/disks/ipg_scf_00159/ajavidi_ship/SHIP_23ww17d4/arf156b040e2r2w0cbbehbaa4acw_work/ship/ip/arf156b040e2r2w0cbbehbaa4acw/zsc11_scc018177_28Apr2023_025014/ip2sd/ip2sd/ip/arf156b040e2r2w0cbbehbaa4acw/ip2sd_checkinputs/log/arf156b040e2r2w0cbbehbaa4acw_test.log
-I- Processing 8 libs in batches of size 1 using up to 8 instances of dc_shell
-I- Running /p/hdk/cad/librarycompiler/T-2022.03-SP3/bin/lc_shell -no_home_init -f /nfs/site/disks/ipg_scf_00159/ajavidi_ship/SHIP_23ww17d4/arf156b040e2r2w0cbbehbaa4acw_work/ship/ip/arf156b040e2r2w0cbbehbaa4acw/zsc11_scc018177_28Apr2023_025014/ip2sd/ip2sd/ip/arf156b040e2r2w0cbbehbaa4acw/ip2sd_checkinputs/tcl/arf156b040e2r2w0cbbehbaa4acw_test_4.tcl
-I- Running /p/hdk/cad/librarycompiler/T-2022.03-SP3/bin/lc_shell -no_home_init -f /nfs/site/disks/ipg_scf_00159/ajavidi_ship/SHIP_23ww17d4/arf156b040e2r2w0cbbehbaa4acw_work/ship/ip/arf156b040e2r2w0cbbehbaa4acw/zsc11_scc018177_28Apr2023_025014/ip2sd/ip2sd/ip/arf156b040e2r2w0cbbehbaa4acw/ip2sd_checkinputs/tcl/arf156b040e2r2w0cbbehbaa4acw_test_5.tcl
-I- Running /p/hdk/cad/librarycompiler/T-2022.03-SP3/bin/lc_shell -no_home_init -f /nfs/site/disks/ipg_scf_00159/ajavidi_ship/SHIP_23ww17d4/arf156b040e2r2w0cbbehbaa4acw_work/ship/ip/arf156b040e2r2w0cbbehbaa4acw/zsc11_scc018177_28Apr2023_025014/ip2sd/ip2sd/ip/arf156b040e2r2w0cbbehbaa4acw/ip2sd_checkinputs/tcl/arf156b040e2r2w0cbbehbaa4acw_test_7.tcl
-I- Running /p/hdk/cad/librarycompiler/T-2022.03-SP3/bin/lc_shell -no_home_init -f /nfs/site/disks/ipg_scf_00159/ajavidi_ship/SHIP_23ww17d4/arf156b040e2r2w0cbbehbaa4acw_work/ship/ip/arf156b040e2r2w0cbbehbaa4acw/zsc11_scc018177_28Apr2023_025014/ip2sd/ip2sd/ip/arf156b040e2r2w0cbbehbaa4acw/ip2sd_checkinputs/tcl/arf156b040e2r2w0cbbehbaa4acw_test_3.tcl
-I- Running /p/hdk/cad/librarycompiler/T-2022.03-SP3/bin/lc_shell -no_home_init -f /nfs/site/disks/ipg_scf_00159/ajavidi_ship/SHIP_23ww17d4/arf156b040e2r2w0cbbehbaa4acw_work/ship/ip/arf156b040e2r2w0cbbehbaa4acw/zsc11_scc018177_28Apr2023_025014/ip2sd/ip2sd/ip/arf156b040e2r2w0cbbehbaa4acw/ip2sd_checkinputs/tcl/arf156b040e2r2w0cbbehbaa4acw_test_2.tcl
-I- Running /p/hdk/cad/librarycompiler/T-2022.03-SP3/bin/lc_shell -no_home_init -f /nfs/site/disks/ipg_scf_00159/ajavidi_ship/SHIP_23ww17d4/arf156b040e2r2w0cbbehbaa4acw_work/ship/ip/arf156b040e2r2w0cbbehbaa4acw/zsc11_scc018177_28Apr2023_025014/ip2sd/ip2sd/ip/arf156b040e2r2w0cbbehbaa4acw/ip2sd_checkinputs/tcl/arf156b040e2r2w0cbbehbaa4acw_test_1.tcl
-I- Running /p/hdk/cad/librarycompiler/T-2022.03-SP3/bin/lc_shell -no_home_init -f /nfs/site/disks/ipg_scf_00159/ajavidi_ship/SHIP_23ww17d4/arf156b040e2r2w0cbbehbaa4acw_work/ship/ip/arf156b040e2r2w0cbbehbaa4acw/zsc11_scc018177_28Apr2023_025014/ip2sd/ip2sd/ip/arf156b040e2r2w0cbbehbaa4acw/ip2sd_checkinputs/tcl/arf156b040e2r2w0cbbehbaa4acw_test_6.tcl
-I- Running /p/hdk/cad/librarycompiler/T-2022.03-SP3/bin/lc_shell -no_home_init -f /nfs/site/disks/ipg_scf_00159/ajavidi_ship/SHIP_23ww17d4/arf156b040e2r2w0cbbehbaa4acw_work/ship/ip/arf156b040e2r2w0cbbehbaa4acw/zsc11_scc018177_28Apr2023_025014/ip2sd/ip2sd/ip/arf156b040e2r2w0cbbehbaa4acw/ip2sd_checkinputs/tcl/arf156b040e2r2w0cbbehbaa4acw_test_8.tcl
-I- arf156b040e2r2w0cbbehbaa4acw_test_2.tcl passed
-I- arf156b040e2r2w0cbbehbaa4acw_test_5.tcl passed
-I- arf156b040e2r2w0cbbehbaa4acw_test_6.tcl passed
-I- arf156b040e2r2w0cbbehbaa4acw_test_1.tcl passed
-I- arf156b040e2r2w0cbbehbaa4acw_test_7.tcl passed
-I- arf156b040e2r2w0cbbehbaa4acw_test_4.tcl passed
-I- arf156b040e2r2w0cbbehbaa4acw_test_8.tcl passed
-I- arf156b040e2r2w0cbbehbaa4acw_test_3.tcl passed
-I- dc_shell test operation passed
Processing 8 files with up to 8 threads
02:53:38-INFO: Running: /nfs/site/disks/crt_tools_052/ipqa_xfire/23.01.005.p003/bin/crossfire.tcl -c {frc_run.py -s /nfs/site/disks/crt_tools_055/ip2sd/23.02.001/bin/lib_report_gadget.py -p "NLDM delay,NLDM transition,NLDM delay constraint" /tmp/tmp67ta7m6g /nfs/site/disks/ipg_scf_00159/ajavidi_ship/SHIP_23ww17d4/arf156b040e2r2w0cbbehbaa4acw_work/ship/ip/arf156b040e2r2w0cbbehbaa4acw/zsc11_scc018177_28Apr2023_025014/ip2sd -f /nfs/site/disks/ipg_scf_00159/ajavidi_ship/SHIP_23ww17d4/arf156b040e2r2w0cbbehbaa4acw_work/ship/ip/arf156b040e2r2w0cbbehbaa4acw/zsc11_scc018177_28Apr2023_025014/ip2sd/timing/arf156b040e2r2w0cbbehbaa4acw_p1276d4_tmin_1.10v_100c.min.lib}
02:53:38-INFO: User: ajavidi
02:53:38-INFO: Host: scc018177
02:53:38-INFO: CAD_ROOT:         /nfs/site/disks/crt_tools_052
02:53:38-INFO: PROJ_TOOLS:       /p/hdk/pu_tu/prd
02:53:38-INFO: BUNDLE:           ipqa_xfire
02:53:38-INFO: VERSION:          23.01.005.p003
02:53:38-INFO: IPQA_ROOT:        /nfs/site/disks/crt_tools_052/ipqa_xfire/23.01.005.p003
02:53:38-INFO: CROSSFIRE_ROOT:   /p/hdk/cad/crossfire/2023.2.W07
02:53:38-INFO: -------------------
02:53:38-INFO: # parsing options  
$CROSSFIRE_GEN_1 is NOT set, preparing to launch crossfire.py
02:53:38-INFO: Running commmand: /nfs/site/disks/crt_tools_052/ipqa_xfire/23.01.005.p003/bin/crossfire.py -c 'frc_run.py --s /nfs/site/disks/crt_tools_055/ip2sd/23.02.001/bin/lib_report_gadget.py --p "NLDM delay,NLDM transition,NLDM delay constraint" /tmp/tmp67ta7m6g /nfs/site/disks/ipg_scf_00159/ajavidi_ship/SHIP_23ww17d4/arf156b040e2r2w0cbbehbaa4acw_work/ship/ip/arf156b040e2r2w0cbbehbaa4acw/zsc11_scc018177_28Apr2023_025014/ip2sd --f /nfs/site/disks/ipg_scf_00159/ajavidi_ship/SHIP_23ww17d4/arf156b040e2r2w0cbbehbaa4acw_work/ship/ip/arf156b040e2r2w0cbbehbaa4acw/zsc11_scc018177_28Apr2023_025014/ip2sd/timing/arf156b040e2r2w0cbbehbaa4acw_p1276d4_tmin_1.10v_100c.min.lib'
02:53:39-INIT-INFO: Running: /nfs/site/disks/crt_tools_052/ipqa_xfire/23.01.005.p003/bin/crossfire.py -c frc_run.py --s /nfs/site/disks/crt_tools_055/ip2sd/23.02.001/bin/lib_report_gadget.py --p "NLDM delay,NLDM transition,NLDM delay constraint" /tmp/tmp67ta7m6g /nfs/site/disks/ipg_scf_00159/ajavidi_ship/SHIP_23ww17d4/arf156b040e2r2w0cbbehbaa4acw_work/ship/ip/arf156b040e2r2w0cbbehbaa4acw/zsc11_scc018177_28Apr2023_025014/ip2sd --f /nfs/site/disks/ipg_scf_00159/ajavidi_ship/SHIP_23ww17d4/arf156b040e2r2w0cbbehbaa4acw_work/ship/ip/arf156b040e2r2w0cbbehbaa4acw/zsc11_scc018177_28Apr2023_025014/ip2sd/timing/arf156b040e2r2w0cbbehbaa4acw_p1276d4_tmin_1.10v_100c.min.lib 
02:53:39-INIT-INFO:     location ==> default
02:53:39-INIT-INFO:     strict_location ==> False
02:53:39-INIT-INFO:     multi_cell ==> False
02:53:39-INIT-INFO:     snap_test ==> False
02:53:39-INIT-INFO:     crossfire_manual ==> False
02:53:39-INIT-INFO:     shell ==> False
02:53:39-INIT-INFO:     c ==> frc_run.py --s /nfs/site/disks/crt_tools_055/ip2sd/23.02.001/bin/lib_report_gadget.py --p "NLDM delay,NLDM transition,NLDM delay constraint" /tmp/tmp67ta7m6g /nfs/site/disks/ipg_scf_00159/ajavidi_ship/SHIP_23ww17d4/arf156b040e2r2w0cbbehbaa4acw_work/ship/ip/arf156b040e2r2w0cbbehbaa4acw/zsc11_scc018177_28Apr2023_025014/ip2sd --f /nfs/site/disks/ipg_scf_00159/ajavidi_ship/SHIP_23ww17d4/arf156b040e2r2w0cbbehbaa4acw_work/ship/ip/arf156b040e2r2w0cbbehbaa4acw/zsc11_scc018177_28Apr2023_025014/ip2sd/timing/arf156b040e2r2w0cbbehbaa4acw_p1276d4_tmin_1.10v_100c.min.lib
02:53:39-INIT-INFO:     dumpmilestones ==> None
02:53:39-INIT-INFO:     snps_manifests ==> None
02:53:39-INIT-INFO:     review ==> None
02:53:39-INIT-INFO:     report ==> False
02:53:39-XTERM-INFO: Running cmd in new xterm: /bin/tcsh -cf frc_run.py --s /nfs/site/disks/crt_tools_055/ip2sd/23.02.001/bin/lib_report_gadget.py --p "NLDM delay,NLDM transition,NLDM delay constraint" /tmp/tmp67ta7m6g /nfs/site/disks/ipg_scf_00159/ajavidi_ship/SHIP_23ww17d4/arf156b040e2r2w0cbbehbaa4acw_work/ship/ip/arf156b040e2r2w0cbbehbaa4acw/zsc11_scc018177_28Apr2023_025014/ip2sd --f /nfs/site/disks/ipg_scf_00159/ajavidi_ship/SHIP_23ww17d4/arf156b040e2r2w0cbbehbaa4acw_work/ship/ip/arf156b040e2r2w0cbbehbaa4acw/zsc11_scc018177_28Apr2023_025014/ip2sd/timing/arf156b040e2r2w0cbbehbaa4acw_p1276d4_tmin_1.10v_100c.min.lib
02:53:59-XTERM-INFO: Result of command: I:License: frc_run --s /nfs/site/disks/crt_tools_055/ip2sd/23.02.001/bin/lib_report_gadget.py --p NLDM delay,NLDM transition,NLDM delay constraint /tmp/tmp67ta7m6g /nfs/site/disks/ipg_scf_00159/ajavidi_ship/SHIP_23ww17d4/arf156b040e2r2w0cbbehbaa4acw_work/ship/ip/arf156b040e2r2w0cbbehbaa4acw/zsc11_scc018177_28Apr2023_025014/ip2sd --f /nfs/site/disks/ipg_scf_00159/ajavidi_ship/SHIP_23ww17d4/arf156b040e2r2w0cbbehbaa4acw_work/ship/ip/arf156b040e2r2w0cbbehbaa4acw/zsc11_scc018177_28Apr2023_025014/ip2sd/timing/arf156b040e2r2w0cbbehbaa4acw_p1276d4_tmin_1.10v_100c.min.lib
I:License: (C) Copyright Siemens Digital Industries Software (v2023.2.W7 build #7573)
I:License: This program is licensed to INTEL
I:License: lib_report_gadget.py (C) Copyright Siemens Digital Industries Software (v2023.2.W7 build #7573)
I:License: This program is licensed to INTEL
E:scr0002: Python script received an unhandled 'ImportError' exception.
           Traceback (most recent call last):
e:scr0003:   File
           "/nfs/site/disks/crt_tools_055/ip2sd/23.02.001/bin/lib_report_gadget.
           py", line 15, in <module>
               import setupAPI as setup
e:scr0004: ImportError: No module named setupAPI
I:cre100: Using parser: synopsys for file: /nfs/site/disks/ipg_scf_00159/ajavidi_ship/SHIP_23ww17d4/arf156b040e2r2w0cbbehbaa4acw_work/ship/ip/arf156b040e2r2w0cbbehbaa4acw/zsc11_scc018177_28Apr2023_025014/ip2sd/timing/arf156b040e2r2w0cbbehbaa4acw_p1276d4_tmin_1.10v_100c.min.lib
I:cre100: Using library name: arf156b040e2r2w0cbbehbaa4acw_p1276d4_tmin_1.10v_100c.min for file: /nfs/site/disks/ipg_scf_00159/ajavidi_ship/SHIP_23ww17d4/arf156b040e2r2w0cbbehbaa4acw_work/ship/ip/arf156b040e2r2w0cbbehbaa4acw/zsc11_scc018177_28Apr2023_025014/ip2sd/timing/arf156b040e2r2w0cbbehbaa4acw_p1276d4_tmin_1.10v_100c.min.lib
E:scr0002: Python script received an unhandled 'CalledProcessError' exception.
           Traceback (most recent call last):
e:scr0003:   File "frc_run.py", line 127, in frc_run.main
e:scr0003:   File "frc_run.py", line 128, in frc_run.main
e:scr0003:   File "frc_run.py", line 108, in frc_run.run_script
e:scr0003:   File "frc_run.py", line 119, in frc_run.run_script
e:scr0003:   File
           "/p/hdk/cad/crossfire/2023.2.W07/binLinux64/python-3.7/lib/python3.7/
           subprocess.py", line 363, in check_call
               raise CalledProcessError(retcode, cmd)
e:scr0004: CalledProcessError: Command '['/bin/sh', '/tmp/tmp3u376n3p.sh']'
           returned non-zero exit status 1.
02:53:59-XTERM-INFO: Exiting program.

02:53:38-INFO: Running: /nfs/site/disks/crt_tools_052/ipqa_xfire/23.01.005.p003/bin/crossfire.tcl -c {frc_run.py -s /nfs/site/disks/crt_tools_055/ip2sd/23.02.001/bin/lib_report_gadget.py -p "NLDM delay,NLDM transition,NLDM delay constraint" /tmp/tmpkquqbt64 /nfs/site/disks/ipg_scf_00159/ajavidi_ship/SHIP_23ww17d4/arf156b040e2r2w0cbbehbaa4acw_work/ship/ip/arf156b040e2r2w0cbbehbaa4acw/zsc11_scc018177_28Apr2023_025014/ip2sd -f /nfs/site/disks/ipg_scf_00159/ajavidi_ship/SHIP_23ww17d4/arf156b040e2r2w0cbbehbaa4acw_work/ship/ip/arf156b040e2r2w0cbbehbaa4acw/zsc11_scc018177_28Apr2023_025014/ip2sd/timing/arf156b040e2r2w0cbbehbaa4acw_p1276d4_tmin_0.85v_100c.min.lib}
02:53:38-INFO: User: ajavidi
02:53:38-INFO: Host: scc018177
02:53:38-INFO: CAD_ROOT:         /nfs/site/disks/crt_tools_052
02:53:38-INFO: PROJ_TOOLS:       /p/hdk/pu_tu/prd
02:53:38-INFO: BUNDLE:           ipqa_xfire
02:53:38-INFO: VERSION:          23.01.005.p003
02:53:38-INFO: IPQA_ROOT:        /nfs/site/disks/crt_tools_052/ipqa_xfire/23.01.005.p003
02:53:38-INFO: CROSSFIRE_ROOT:   /p/hdk/cad/crossfire/2023.2.W07
02:53:38-INFO: -------------------
02:53:38-INFO: # parsing options  
$CROSSFIRE_GEN_1 is NOT set, preparing to launch crossfire.py
02:53:38-INFO: Running commmand: /nfs/site/disks/crt_tools_052/ipqa_xfire/23.01.005.p003/bin/crossfire.py -c 'frc_run.py --s /nfs/site/disks/crt_tools_055/ip2sd/23.02.001/bin/lib_report_gadget.py --p "NLDM delay,NLDM transition,NLDM delay constraint" /tmp/tmpkquqbt64 /nfs/site/disks/ipg_scf_00159/ajavidi_ship/SHIP_23ww17d4/arf156b040e2r2w0cbbehbaa4acw_work/ship/ip/arf156b040e2r2w0cbbehbaa4acw/zsc11_scc018177_28Apr2023_025014/ip2sd --f /nfs/site/disks/ipg_scf_00159/ajavidi_ship/SHIP_23ww17d4/arf156b040e2r2w0cbbehbaa4acw_work/ship/ip/arf156b040e2r2w0cbbehbaa4acw/zsc11_scc018177_28Apr2023_025014/ip2sd/timing/arf156b040e2r2w0cbbehbaa4acw_p1276d4_tmin_0.85v_100c.min.lib'
02:53:39-INIT-INFO: Running: /nfs/site/disks/crt_tools_052/ipqa_xfire/23.01.005.p003/bin/crossfire.py -c frc_run.py --s /nfs/site/disks/crt_tools_055/ip2sd/23.02.001/bin/lib_report_gadget.py --p "NLDM delay,NLDM transition,NLDM delay constraint" /tmp/tmpkquqbt64 /nfs/site/disks/ipg_scf_00159/ajavidi_ship/SHIP_23ww17d4/arf156b040e2r2w0cbbehbaa4acw_work/ship/ip/arf156b040e2r2w0cbbehbaa4acw/zsc11_scc018177_28Apr2023_025014/ip2sd --f /nfs/site/disks/ipg_scf_00159/ajavidi_ship/SHIP_23ww17d4/arf156b040e2r2w0cbbehbaa4acw_work/ship/ip/arf156b040e2r2w0cbbehbaa4acw/zsc11_scc018177_28Apr2023_025014/ip2sd/timing/arf156b040e2r2w0cbbehbaa4acw_p1276d4_tmin_0.85v_100c.min.lib 
02:53:39-INIT-INFO:     location ==> default
02:53:39-INIT-INFO:     strict_location ==> False
02:53:39-INIT-INFO:     multi_cell ==> False
02:53:39-INIT-INFO:     snap_test ==> False
02:53:39-INIT-INFO:     crossfire_manual ==> False
02:53:39-INIT-INFO:     shell ==> False
02:53:39-INIT-INFO:     c ==> frc_run.py --s /nfs/site/disks/crt_tools_055/ip2sd/23.02.001/bin/lib_report_gadget.py --p "NLDM delay,NLDM transition,NLDM delay constraint" /tmp/tmpkquqbt64 /nfs/site/disks/ipg_scf_00159/ajavidi_ship/SHIP_23ww17d4/arf156b040e2r2w0cbbehbaa4acw_work/ship/ip/arf156b040e2r2w0cbbehbaa4acw/zsc11_scc018177_28Apr2023_025014/ip2sd --f /nfs/site/disks/ipg_scf_00159/ajavidi_ship/SHIP_23ww17d4/arf156b040e2r2w0cbbehbaa4acw_work/ship/ip/arf156b040e2r2w0cbbehbaa4acw/zsc11_scc018177_28Apr2023_025014/ip2sd/timing/arf156b040e2r2w0cbbehbaa4acw_p1276d4_tmin_0.85v_100c.min.lib
02:53:39-INIT-INFO:     dumpmilestones ==> None
02:53:39-INIT-INFO:     snps_manifests ==> None
02:53:39-INIT-INFO:     review ==> None
02:53:39-INIT-INFO:     report ==> False
02:53:39-XTERM-INFO: Running cmd in new xterm: /bin/tcsh -cf frc_run.py --s /nfs/site/disks/crt_tools_055/ip2sd/23.02.001/bin/lib_report_gadget.py --p "NLDM delay,NLDM transition,NLDM delay constraint" /tmp/tmpkquqbt64 /nfs/site/disks/ipg_scf_00159/ajavidi_ship/SHIP_23ww17d4/arf156b040e2r2w0cbbehbaa4acw_work/ship/ip/arf156b040e2r2w0cbbehbaa4acw/zsc11_scc018177_28Apr2023_025014/ip2sd --f /nfs/site/disks/ipg_scf_00159/ajavidi_ship/SHIP_23ww17d4/arf156b040e2r2w0cbbehbaa4acw_work/ship/ip/arf156b040e2r2w0cbbehbaa4acw/zsc11_scc018177_28Apr2023_025014/ip2sd/timing/arf156b040e2r2w0cbbehbaa4acw_p1276d4_tmin_0.85v_100c.min.lib
02:53:59-XTERM-INFO: Result of command: I:License: frc_run --s /nfs/site/disks/crt_tools_055/ip2sd/23.02.001/bin/lib_report_gadget.py --p NLDM delay,NLDM transition,NLDM delay constraint /tmp/tmpkquqbt64 /nfs/site/disks/ipg_scf_00159/ajavidi_ship/SHIP_23ww17d4/arf156b040e2r2w0cbbehbaa4acw_work/ship/ip/arf156b040e2r2w0cbbehbaa4acw/zsc11_scc018177_28Apr2023_025014/ip2sd --f /nfs/site/disks/ipg_scf_00159/ajavidi_ship/SHIP_23ww17d4/arf156b040e2r2w0cbbehbaa4acw_work/ship/ip/arf156b040e2r2w0cbbehbaa4acw/zsc11_scc018177_28Apr2023_025014/ip2sd/timing/arf156b040e2r2w0cbbehbaa4acw_p1276d4_tmin_0.85v_100c.min.lib
I:License: (C) Copyright Siemens Digital Industries Software (v2023.2.W7 build #7573)
I:License: This program is licensed to INTEL
I:License: lib_report_gadget.py (C) Copyright Siemens Digital Industries Software (v2023.2.W7 build #7573)
I:License: This program is licensed to INTEL
E:scr0002: Python script received an unhandled 'ImportError' exception.
           Traceback (most recent call last):
e:scr0003:   File
           "/nfs/site/disks/crt_tools_055/ip2sd/23.02.001/bin/lib_report_gadget.
           py", line 15, in <module>
               import setupAPI as setup
e:scr0004: ImportError: No module named setupAPI
I:cre100: Using parser: synopsys for file: /nfs/site/disks/ipg_scf_00159/ajavidi_ship/SHIP_23ww17d4/arf156b040e2r2w0cbbehbaa4acw_work/ship/ip/arf156b040e2r2w0cbbehbaa4acw/zsc11_scc018177_28Apr2023_025014/ip2sd/timing/arf156b040e2r2w0cbbehbaa4acw_p1276d4_tmin_0.85v_100c.min.lib
I:cre100: Using library name: arf156b040e2r2w0cbbehbaa4acw_p1276d4_tmin_0.85v_100c.min for file: /nfs/site/disks/ipg_scf_00159/ajavidi_ship/SHIP_23ww17d4/arf156b040e2r2w0cbbehbaa4acw_work/ship/ip/arf156b040e2r2w0cbbehbaa4acw/zsc11_scc018177_28Apr2023_025014/ip2sd/timing/arf156b040e2r2w0cbbehbaa4acw_p1276d4_tmin_0.85v_100c.min.lib
E:scr0002: Python script received an unhandled 'CalledProcessError' exception.
           Traceback (most recent call last):
e:scr0003:   File "frc_run.py", line 127, in frc_run.main
e:scr0003:   File "frc_run.py", line 128, in frc_run.main
e:scr0003:   File "frc_run.py", line 108, in frc_run.run_script
e:scr0003:   File "frc_run.py", line 119, in frc_run.run_script
e:scr0003:   File
           "/p/hdk/cad/crossfire/2023.2.W07/binLinux64/python-3.7/lib/python3.7/
           subprocess.py", line 363, in check_call
               raise CalledProcessError(retcode, cmd)
e:scr0004: CalledProcessError: Command '['/bin/sh', '/tmp/tmpq73j97fs.sh']'
           returned non-zero exit status 1.
02:53:59-XTERM-INFO: Exiting program.

02:53:38-INFO: Running: /nfs/site/disks/crt_tools_052/ipqa_xfire/23.01.005.p003/bin/crossfire.tcl -c {frc_run.py -s /nfs/site/disks/crt_tools_055/ip2sd/23.02.001/bin/lib_report_gadget.py -p "NLDM delay,NLDM transition,NLDM delay constraint" /tmp/tmp0j7q_fv6 /nfs/site/disks/ipg_scf_00159/ajavidi_ship/SHIP_23ww17d4/arf156b040e2r2w0cbbehbaa4acw_work/ship/ip/arf156b040e2r2w0cbbehbaa4acw/zsc11_scc018177_28Apr2023_025014/ip2sd -f /nfs/site/disks/ipg_scf_00159/ajavidi_ship/SHIP_23ww17d4/arf156b040e2r2w0cbbehbaa4acw_work/ship/ip/arf156b040e2r2w0cbbehbaa4acw/zsc11_scc018177_28Apr2023_025014/ip2sd/timing/arf156b040e2r2w0cbbehbaa4acw_p1276d4_tttt_0.85v_100c.max.lib}
02:53:38-INFO: User: ajavidi
02:53:38-INFO: Host: scc018177
02:53:38-INFO: CAD_ROOT:         /nfs/site/disks/crt_tools_052
02:53:38-INFO: PROJ_TOOLS:       /p/hdk/pu_tu/prd
02:53:38-INFO: BUNDLE:           ipqa_xfire
02:53:38-INFO: VERSION:          23.01.005.p003
02:53:38-INFO: IPQA_ROOT:        /nfs/site/disks/crt_tools_052/ipqa_xfire/23.01.005.p003
02:53:38-INFO: CROSSFIRE_ROOT:   /p/hdk/cad/crossfire/2023.2.W07
02:53:38-INFO: -------------------
02:53:38-INFO: # parsing options  
$CROSSFIRE_GEN_1 is NOT set, preparing to launch crossfire.py
02:53:38-INFO: Running commmand: /nfs/site/disks/crt_tools_052/ipqa_xfire/23.01.005.p003/bin/crossfire.py -c 'frc_run.py --s /nfs/site/disks/crt_tools_055/ip2sd/23.02.001/bin/lib_report_gadget.py --p "NLDM delay,NLDM transition,NLDM delay constraint" /tmp/tmp0j7q_fv6 /nfs/site/disks/ipg_scf_00159/ajavidi_ship/SHIP_23ww17d4/arf156b040e2r2w0cbbehbaa4acw_work/ship/ip/arf156b040e2r2w0cbbehbaa4acw/zsc11_scc018177_28Apr2023_025014/ip2sd --f /nfs/site/disks/ipg_scf_00159/ajavidi_ship/SHIP_23ww17d4/arf156b040e2r2w0cbbehbaa4acw_work/ship/ip/arf156b040e2r2w0cbbehbaa4acw/zsc11_scc018177_28Apr2023_025014/ip2sd/timing/arf156b040e2r2w0cbbehbaa4acw_p1276d4_tttt_0.85v_100c.max.lib'
02:53:39-INIT-INFO: Running: /nfs/site/disks/crt_tools_052/ipqa_xfire/23.01.005.p003/bin/crossfire.py -c frc_run.py --s /nfs/site/disks/crt_tools_055/ip2sd/23.02.001/bin/lib_report_gadget.py --p "NLDM delay,NLDM transition,NLDM delay constraint" /tmp/tmp0j7q_fv6 /nfs/site/disks/ipg_scf_00159/ajavidi_ship/SHIP_23ww17d4/arf156b040e2r2w0cbbehbaa4acw_work/ship/ip/arf156b040e2r2w0cbbehbaa4acw/zsc11_scc018177_28Apr2023_025014/ip2sd --f /nfs/site/disks/ipg_scf_00159/ajavidi_ship/SHIP_23ww17d4/arf156b040e2r2w0cbbehbaa4acw_work/ship/ip/arf156b040e2r2w0cbbehbaa4acw/zsc11_scc018177_28Apr2023_025014/ip2sd/timing/arf156b040e2r2w0cbbehbaa4acw_p1276d4_tttt_0.85v_100c.max.lib 
02:53:39-INIT-INFO:     location ==> default
02:53:39-INIT-INFO:     strict_location ==> False
02:53:39-INIT-INFO:     multi_cell ==> False
02:53:39-INIT-INFO:     snap_test ==> False
02:53:39-INIT-INFO:     crossfire_manual ==> False
02:53:39-INIT-INFO:     shell ==> False
02:53:39-INIT-INFO:     c ==> frc_run.py --s /nfs/site/disks/crt_tools_055/ip2sd/23.02.001/bin/lib_report_gadget.py --p "NLDM delay,NLDM transition,NLDM delay constraint" /tmp/tmp0j7q_fv6 /nfs/site/disks/ipg_scf_00159/ajavidi_ship/SHIP_23ww17d4/arf156b040e2r2w0cbbehbaa4acw_work/ship/ip/arf156b040e2r2w0cbbehbaa4acw/zsc11_scc018177_28Apr2023_025014/ip2sd --f /nfs/site/disks/ipg_scf_00159/ajavidi_ship/SHIP_23ww17d4/arf156b040e2r2w0cbbehbaa4acw_work/ship/ip/arf156b040e2r2w0cbbehbaa4acw/zsc11_scc018177_28Apr2023_025014/ip2sd/timing/arf156b040e2r2w0cbbehbaa4acw_p1276d4_tttt_0.85v_100c.max.lib
02:53:39-INIT-INFO:     dumpmilestones ==> None
02:53:39-INIT-INFO:     snps_manifests ==> None
02:53:39-INIT-INFO:     review ==> None
02:53:39-INIT-INFO:     report ==> False
02:53:39-XTERM-INFO: Running cmd in new xterm: /bin/tcsh -cf frc_run.py --s /nfs/site/disks/crt_tools_055/ip2sd/23.02.001/bin/lib_report_gadget.py --p "NLDM delay,NLDM transition,NLDM delay constraint" /tmp/tmp0j7q_fv6 /nfs/site/disks/ipg_scf_00159/ajavidi_ship/SHIP_23ww17d4/arf156b040e2r2w0cbbehbaa4acw_work/ship/ip/arf156b040e2r2w0cbbehbaa4acw/zsc11_scc018177_28Apr2023_025014/ip2sd --f /nfs/site/disks/ipg_scf_00159/ajavidi_ship/SHIP_23ww17d4/arf156b040e2r2w0cbbehbaa4acw_work/ship/ip/arf156b040e2r2w0cbbehbaa4acw/zsc11_scc018177_28Apr2023_025014/ip2sd/timing/arf156b040e2r2w0cbbehbaa4acw_p1276d4_tttt_0.85v_100c.max.lib
02:53:59-XTERM-INFO: Result of command: I:License: frc_run --s /nfs/site/disks/crt_tools_055/ip2sd/23.02.001/bin/lib_report_gadget.py --p NLDM delay,NLDM transition,NLDM delay constraint /tmp/tmp0j7q_fv6 /nfs/site/disks/ipg_scf_00159/ajavidi_ship/SHIP_23ww17d4/arf156b040e2r2w0cbbehbaa4acw_work/ship/ip/arf156b040e2r2w0cbbehbaa4acw/zsc11_scc018177_28Apr2023_025014/ip2sd --f /nfs/site/disks/ipg_scf_00159/ajavidi_ship/SHIP_23ww17d4/arf156b040e2r2w0cbbehbaa4acw_work/ship/ip/arf156b040e2r2w0cbbehbaa4acw/zsc11_scc018177_28Apr2023_025014/ip2sd/timing/arf156b040e2r2w0cbbehbaa4acw_p1276d4_tttt_0.85v_100c.max.lib
I:License: (C) Copyright Siemens Digital Industries Software (v2023.2.W7 build #7573)
I:License: This program is licensed to INTEL
I:License: lib_report_gadget.py (C) Copyright Siemens Digital Industries Software (v2023.2.W7 build #7573)
I:License: This program is licensed to INTEL
E:scr0002: Python script received an unhandled 'ImportError' exception.
           Traceback (most recent call last):
e:scr0003:   File
           "/nfs/site/disks/crt_tools_055/ip2sd/23.02.001/bin/lib_report_gadget.
           py", line 15, in <module>
               import setupAPI as setup
e:scr0004: ImportError: No module named setupAPI
I:cre100: Using parser: synopsys for file: /nfs/site/disks/ipg_scf_00159/ajavidi_ship/SHIP_23ww17d4/arf156b040e2r2w0cbbehbaa4acw_work/ship/ip/arf156b040e2r2w0cbbehbaa4acw/zsc11_scc018177_28Apr2023_025014/ip2sd/timing/arf156b040e2r2w0cbbehbaa4acw_p1276d4_tttt_0.85v_100c.max.lib
I:cre100: Using library name: arf156b040e2r2w0cbbehbaa4acw_p1276d4_tttt_0.85v_100c.max for file: /nfs/site/disks/ipg_scf_00159/ajavidi_ship/SHIP_23ww17d4/arf156b040e2r2w0cbbehbaa4acw_work/ship/ip/arf156b040e2r2w0cbbehbaa4acw/zsc11_scc018177_28Apr2023_025014/ip2sd/timing/arf156b040e2r2w0cbbehbaa4acw_p1276d4_tttt_0.85v_100c.max.lib
E:scr0002: Python script received an unhandled 'CalledProcessError' exception.
           Traceback (most recent call last):
e:scr0003:   File "frc_run.py", line 127, in frc_run.main
e:scr0003:   File "frc_run.py", line 128, in frc_run.main
e:scr0003:   File "frc_run.py", line 108, in frc_run.run_script
e:scr0003:   File "frc_run.py", line 119, in frc_run.run_script
e:scr0003:   File
           "/p/hdk/cad/crossfire/2023.2.W07/binLinux64/python-3.7/lib/python3.7/
           subprocess.py", line 363, in check_call
               raise CalledProcessError(retcode, cmd)
e:scr0004: CalledProcessError: Command '['/bin/sh', '/tmp/tmpezgnj7l7.sh']'
           returned non-zero exit status 1.
02:53:59-XTERM-INFO: Exiting program.

multiprocessing.pool.RemoteTraceback: 
"""
Traceback (most recent call last):
  File "/usr/intel/pkgs/python3/3.6.3/lib/python3.6/multiprocessing/pool.py", line 119, in worker
    result = (True, func(*args, **kwds))
  File "/usr/intel/pkgs/python3/3.6.3/lib/python3.6/multiprocessing/pool.py", line 44, in mapstar
    return list(map(*args))
  File "/nfs/site/disks/crt_tools_055/ip2sd/23.02.001/bin/lib_report.py", line 102, in dataminer
    with open(output_file.name) as f:
FileNotFoundError: [Errno 2] No such file or directory: '/tmp/tmp67ta7m6g'
"""

The above exception was the direct cause of the following exception:

Traceback (most recent call last):
  File "/nfs/site/disks/crt_tools_055/ip2sd/23.02.001/bin/lib_report.py", line 108, in <module>
    sys.exit(main())
  File "/nfs/site/disks/crt_tools_055/ip2sd/23.02.001/bin/lib_report.py", line 43, in main
    lib_data_array = p.map(run_dataminer, args.files)
  File "/usr/intel/pkgs/python3/3.6.3/lib/python3.6/multiprocessing/pool.py", line 266, in map
    return self._map_async(func, iterable, mapstar, chunksize).get()
  File "/usr/intel/pkgs/python3/3.6.3/lib/python3.6/multiprocessing/pool.py", line 644, in get
    raise self._value
FileNotFoundError: [Errno 2] No such file or directory: '/tmp/tmp67ta7m6g'
Finished running ip2sd_checkinputs
