# /nfs/site/disks/crt_tools_055/ip2sd/23.02.001/bin/stageBin/ip2sd_checkinputs.pl
-I- Using /p/hdk/cad/librarycompiler/T-2022.03-SP3/bin/lc_shell -no_home_init for lib operations
Starting ip2sd_checkinputs
Using ip2sdCfg file ip2sdCfg_17531.pm
-I- Reading IP config file: /nfs/site/disks/ipg_scf_00159/ajavidi_ship/SHIP_23ww17d4/ip764hduspsr2048x39m8b2s0r2p0d0_work/ship/ip/ip764hduspsr2048x39m8b2s0r2p0d0/zsc11_scea121612_28Apr2023_044735/ip2sd/collateral/ebb/cfg/ip764hduspsr2048x39m8b2s0r2p0d0.cfg
-I- Sucessfully read config file.
-I- Creating tcl file to give to dc_shell to test libs
-I- Libs are: ip764hduspsr2048x39m8b2s0r2p0d0_tmin_0.55v_0.55v_100c.lib,ip764hduspsr2048x39m8b2s0r2p0d0_tmin_0.65v_0.65v_-40c.lib,ip764hduspsr2048x39m8b2s0r2p0d0_tmin_0.65v_0.65v_100c.lib,ip764hduspsr2048x39m8b2s0r2p0d0_tmin_0.85v_0.85v_-40c.lib,ip764hduspsr2048x39m8b2s0r2p0d0_tmin_0.85v_0.85v_100c.lib,ip764hduspsr2048x39m8b2s0r2p0d0_tmin_1.1v_1.1v_-40c.lib,ip764hduspsr2048x39m8b2s0r2p0d0_tmin_1.1v_1.1v_100c.lib,ip764hduspsr2048x39m8b2s0r2p0d0_tttt_0.55v_0.55v_100c.lib,ip764hduspsr2048x39m8b2s0r2p0d0_tttt_0.65v_0.65v_-40c.lib,ip764hduspsr2048x39m8b2s0r2p0d0_tttt_0.65v_0.65v_100c.lib,ip764hduspsr2048x39m8b2s0r2p0d0_tttt_0.85v_0.85v_-40c.lib,ip764hduspsr2048x39m8b2s0r2p0d0_tttt_0.85v_0.85v_100c.lib,ip764hduspsr2048x39m8b2s0r2p0d0_tttt_1.1v_1.1v_-40c.lib,ip764hduspsr2048x39m8b2s0r2p0d0_tttt_1.1v_1.1v_100c.lib
-I- Logfile: /nfs/site/disks/ipg_scf_00159/ajavidi_ship/SHIP_23ww17d4/ip764hduspsr2048x39m8b2s0r2p0d0_work/ship/ip/ip764hduspsr2048x39m8b2s0r2p0d0/zsc11_scea121612_28Apr2023_044735/ip2sd/ip2sd/ip/ip764hduspsr2048x39m8b2s0r2p0d0/ip2sd_checkinputs/log/ip764hduspsr2048x39m8b2s0r2p0d0_test.log
-I- Processing 14 libs in batches of size 2 using up to 7 instances of dc_shell
-I- Running /p/hdk/cad/librarycompiler/T-2022.03-SP3/bin/lc_shell -no_home_init -f /nfs/site/disks/ipg_scf_00159/ajavidi_ship/SHIP_23ww17d4/ip764hduspsr2048x39m8b2s0r2p0d0_work/ship/ip/ip764hduspsr2048x39m8b2s0r2p0d0/zsc11_scea121612_28Apr2023_044735/ip2sd/ip2sd/ip/ip764hduspsr2048x39m8b2s0r2p0d0/ip2sd_checkinputs/tcl/ip764hduspsr2048x39m8b2s0r2p0d0_test_5.tcl
-I- Running /p/hdk/cad/librarycompiler/T-2022.03-SP3/bin/lc_shell -no_home_init -f /nfs/site/disks/ipg_scf_00159/ajavidi_ship/SHIP_23ww17d4/ip764hduspsr2048x39m8b2s0r2p0d0_work/ship/ip/ip764hduspsr2048x39m8b2s0r2p0d0/zsc11_scea121612_28Apr2023_044735/ip2sd/ip2sd/ip/ip764hduspsr2048x39m8b2s0r2p0d0/ip2sd_checkinputs/tcl/ip764hduspsr2048x39m8b2s0r2p0d0_test_7.tcl
-I- Running /p/hdk/cad/librarycompiler/T-2022.03-SP3/bin/lc_shell -no_home_init -f /nfs/site/disks/ipg_scf_00159/ajavidi_ship/SHIP_23ww17d4/ip764hduspsr2048x39m8b2s0r2p0d0_work/ship/ip/ip764hduspsr2048x39m8b2s0r2p0d0/zsc11_scea121612_28Apr2023_044735/ip2sd/ip2sd/ip/ip764hduspsr2048x39m8b2s0r2p0d0/ip2sd_checkinputs/tcl/ip764hduspsr2048x39m8b2s0r2p0d0_test_2.tcl
-I- Running /p/hdk/cad/librarycompiler/T-2022.03-SP3/bin/lc_shell -no_home_init -f /nfs/site/disks/ipg_scf_00159/ajavidi_ship/SHIP_23ww17d4/ip764hduspsr2048x39m8b2s0r2p0d0_work/ship/ip/ip764hduspsr2048x39m8b2s0r2p0d0/zsc11_scea121612_28Apr2023_044735/ip2sd/ip2sd/ip/ip764hduspsr2048x39m8b2s0r2p0d0/ip2sd_checkinputs/tcl/ip764hduspsr2048x39m8b2s0r2p0d0_test_4.tcl
-I- Running /p/hdk/cad/librarycompiler/T-2022.03-SP3/bin/lc_shell -no_home_init -f /nfs/site/disks/ipg_scf_00159/ajavidi_ship/SHIP_23ww17d4/ip764hduspsr2048x39m8b2s0r2p0d0_work/ship/ip/ip764hduspsr2048x39m8b2s0r2p0d0/zsc11_scea121612_28Apr2023_044735/ip2sd/ip2sd/ip/ip764hduspsr2048x39m8b2s0r2p0d0/ip2sd_checkinputs/tcl/ip764hduspsr2048x39m8b2s0r2p0d0_test_6.tcl
-I- Running /p/hdk/cad/librarycompiler/T-2022.03-SP3/bin/lc_shell -no_home_init -f /nfs/site/disks/ipg_scf_00159/ajavidi_ship/SHIP_23ww17d4/ip764hduspsr2048x39m8b2s0r2p0d0_work/ship/ip/ip764hduspsr2048x39m8b2s0r2p0d0/zsc11_scea121612_28Apr2023_044735/ip2sd/ip2sd/ip/ip764hduspsr2048x39m8b2s0r2p0d0/ip2sd_checkinputs/tcl/ip764hduspsr2048x39m8b2s0r2p0d0_test_1.tcl
-I- Running /p/hdk/cad/librarycompiler/T-2022.03-SP3/bin/lc_shell -no_home_init -f /nfs/site/disks/ipg_scf_00159/ajavidi_ship/SHIP_23ww17d4/ip764hduspsr2048x39m8b2s0r2p0d0_work/ship/ip/ip764hduspsr2048x39m8b2s0r2p0d0/zsc11_scea121612_28Apr2023_044735/ip2sd/ip2sd/ip/ip764hduspsr2048x39m8b2s0r2p0d0/ip2sd_checkinputs/tcl/ip764hduspsr2048x39m8b2s0r2p0d0_test_3.tcl
-I- ip764hduspsr2048x39m8b2s0r2p0d0_test_4.tcl passed
-I- ip764hduspsr2048x39m8b2s0r2p0d0_test_3.tcl passed
-I- ip764hduspsr2048x39m8b2s0r2p0d0_test_7.tcl passed
-I- ip764hduspsr2048x39m8b2s0r2p0d0_test_2.tcl passed
-I- ip764hduspsr2048x39m8b2s0r2p0d0_test_5.tcl passed
-I- ip764hduspsr2048x39m8b2s0r2p0d0_test_6.tcl passed
-I- ip764hduspsr2048x39m8b2s0r2p0d0_test_1.tcl passed
-I- dc_shell test operation passed
Processing 14 files with up to 8 threads
04:52:01-INFO: Running: /nfs/site/disks/crt_tools_052/ipqa_xfire/23.01.005.p003/bin/crossfire.tcl -c {frc_run.py -s /nfs/site/disks/crt_tools_055/ip2sd/23.02.001/bin/lib_report_gadget.py -p "NLDM delay,NLDM transition,NLDM delay constraint" /tmp/tmp86kw5rjo /nfs/site/disks/ipg_scf_00159/ajavidi_ship/SHIP_23ww17d4/ip764hduspsr2048x39m8b2s0r2p0d0_work/ship/ip/ip764hduspsr2048x39m8b2s0r2p0d0/zsc11_scea121612_28Apr2023_044735/ip2sd -f /nfs/site/disks/ipg_scf_00159/ajavidi_ship/SHIP_23ww17d4/ip764hduspsr2048x39m8b2s0r2p0d0_work/ship/ip/ip764hduspsr2048x39m8b2s0r2p0d0/zsc11_scea121612_28Apr2023_044735/ip2sd/timing/ip764hduspsr2048x39m8b2s0r2p0d0_tmin_0.65v_0.65v_-40c.lib}
04:52:01-INFO: User: ajavidi
04:52:01-INFO: Host: scea121612
04:52:01-INFO: CAD_ROOT:         /nfs/site/disks/crt_tools_052
04:52:01-INFO: PROJ_TOOLS:       /p/hdk/pu_tu/prd
04:52:01-INFO: BUNDLE:           ipqa_xfire
04:52:01-INFO: VERSION:          23.01.005.p003
04:52:01-INFO: IPQA_ROOT:        /nfs/site/disks/crt_tools_052/ipqa_xfire/23.01.005.p003
04:52:01-INFO: CROSSFIRE_ROOT:   /p/hdk/cad/crossfire/2023.2.W07
04:52:01-INFO: -------------------
04:52:01-INFO: # parsing options  
$CROSSFIRE_GEN_1 is NOT set, preparing to launch crossfire.py
04:52:01-INFO: Running commmand: /nfs/site/disks/crt_tools_052/ipqa_xfire/23.01.005.p003/bin/crossfire.py -c 'frc_run.py --s /nfs/site/disks/crt_tools_055/ip2sd/23.02.001/bin/lib_report_gadget.py --p "NLDM delay,NLDM transition,NLDM delay constraint" /tmp/tmp86kw5rjo /nfs/site/disks/ipg_scf_00159/ajavidi_ship/SHIP_23ww17d4/ip764hduspsr2048x39m8b2s0r2p0d0_work/ship/ip/ip764hduspsr2048x39m8b2s0r2p0d0/zsc11_scea121612_28Apr2023_044735/ip2sd --f /nfs/site/disks/ipg_scf_00159/ajavidi_ship/SHIP_23ww17d4/ip764hduspsr2048x39m8b2s0r2p0d0_work/ship/ip/ip764hduspsr2048x39m8b2s0r2p0d0/zsc11_scea121612_28Apr2023_044735/ip2sd/timing/ip764hduspsr2048x39m8b2s0r2p0d0_tmin_0.65v_0.65v_-40c.lib'
04:52:02-INIT-INFO: Running: /nfs/site/disks/crt_tools_052/ipqa_xfire/23.01.005.p003/bin/crossfire.py -c frc_run.py --s /nfs/site/disks/crt_tools_055/ip2sd/23.02.001/bin/lib_report_gadget.py --p "NLDM delay,NLDM transition,NLDM delay constraint" /tmp/tmp86kw5rjo /nfs/site/disks/ipg_scf_00159/ajavidi_ship/SHIP_23ww17d4/ip764hduspsr2048x39m8b2s0r2p0d0_work/ship/ip/ip764hduspsr2048x39m8b2s0r2p0d0/zsc11_scea121612_28Apr2023_044735/ip2sd --f /nfs/site/disks/ipg_scf_00159/ajavidi_ship/SHIP_23ww17d4/ip764hduspsr2048x39m8b2s0r2p0d0_work/ship/ip/ip764hduspsr2048x39m8b2s0r2p0d0/zsc11_scea121612_28Apr2023_044735/ip2sd/timing/ip764hduspsr2048x39m8b2s0r2p0d0_tmin_0.65v_0.65v_-40c.lib 
04:52:02-INIT-INFO:     location ==> default
04:52:02-INIT-INFO:     strict_location ==> False
04:52:02-INIT-INFO:     multi_cell ==> False
04:52:02-INIT-INFO:     snap_test ==> False
04:52:02-INIT-INFO:     crossfire_manual ==> False
04:52:02-INIT-INFO:     shell ==> False
04:52:02-INIT-INFO:     c ==> frc_run.py --s /nfs/site/disks/crt_tools_055/ip2sd/23.02.001/bin/lib_report_gadget.py --p "NLDM delay,NLDM transition,NLDM delay constraint" /tmp/tmp86kw5rjo /nfs/site/disks/ipg_scf_00159/ajavidi_ship/SHIP_23ww17d4/ip764hduspsr2048x39m8b2s0r2p0d0_work/ship/ip/ip764hduspsr2048x39m8b2s0r2p0d0/zsc11_scea121612_28Apr2023_044735/ip2sd --f /nfs/site/disks/ipg_scf_00159/ajavidi_ship/SHIP_23ww17d4/ip764hduspsr2048x39m8b2s0r2p0d0_work/ship/ip/ip764hduspsr2048x39m8b2s0r2p0d0/zsc11_scea121612_28Apr2023_044735/ip2sd/timing/ip764hduspsr2048x39m8b2s0r2p0d0_tmin_0.65v_0.65v_-40c.lib
04:52:02-INIT-INFO:     dumpmilestones ==> None
04:52:02-INIT-INFO:     snps_manifests ==> None
04:52:02-INIT-INFO:     review ==> None
04:52:02-INIT-INFO:     report ==> False
04:52:02-XTERM-INFO: Running cmd in new xterm: /bin/tcsh -cf frc_run.py --s /nfs/site/disks/crt_tools_055/ip2sd/23.02.001/bin/lib_report_gadget.py --p "NLDM delay,NLDM transition,NLDM delay constraint" /tmp/tmp86kw5rjo /nfs/site/disks/ipg_scf_00159/ajavidi_ship/SHIP_23ww17d4/ip764hduspsr2048x39m8b2s0r2p0d0_work/ship/ip/ip764hduspsr2048x39m8b2s0r2p0d0/zsc11_scea121612_28Apr2023_044735/ip2sd --f /nfs/site/disks/ipg_scf_00159/ajavidi_ship/SHIP_23ww17d4/ip764hduspsr2048x39m8b2s0r2p0d0_work/ship/ip/ip764hduspsr2048x39m8b2s0r2p0d0/zsc11_scea121612_28Apr2023_044735/ip2sd/timing/ip764hduspsr2048x39m8b2s0r2p0d0_tmin_0.65v_0.65v_-40c.lib
04:52:23-XTERM-INFO: Result of command: I:License: frc_run --s /nfs/site/disks/crt_tools_055/ip2sd/23.02.001/bin/lib_report_gadget.py --p NLDM delay,NLDM transition,NLDM delay constraint /tmp/tmp86kw5rjo /nfs/site/disks/ipg_scf_00159/ajavidi_ship/SHIP_23ww17d4/ip764hduspsr2048x39m8b2s0r2p0d0_work/ship/ip/ip764hduspsr2048x39m8b2s0r2p0d0/zsc11_scea121612_28Apr2023_044735/ip2sd --f /nfs/site/disks/ipg_scf_00159/ajavidi_ship/SHIP_23ww17d4/ip764hduspsr2048x39m8b2s0r2p0d0_work/ship/ip/ip764hduspsr2048x39m8b2s0r2p0d0/zsc11_scea121612_28Apr2023_044735/ip2sd/timing/ip764hduspsr2048x39m8b2s0r2p0d0_tmin_0.65v_0.65v_-40c.lib
I:License: (C) Copyright Siemens Digital Industries Software (v2023.2.W7 build #7573)
I:License: This program is licensed to INTEL
I:License: lib_report_gadget.py (C) Copyright Siemens Digital Industries Software (v2023.2.W7 build #7573)
I:License: This program is licensed to INTEL
E:scr0002: Python script received an unhandled 'ImportError' exception.
           Traceback (most recent call last):
e:scr0003:   File
           "/nfs/site/disks/crt_tools_055/ip2sd/23.02.001/bin/lib_report_gadget.
           py", line 15, in <module>
               import setupAPI as setup
e:scr0004: ImportError: No module named setupAPI
I:cre100: Using parser: synopsys for file: /nfs/site/disks/ipg_scf_00159/ajavidi_ship/SHIP_23ww17d4/ip764hduspsr2048x39m8b2s0r2p0d0_work/ship/ip/ip764hduspsr2048x39m8b2s0r2p0d0/zsc11_scea121612_28Apr2023_044735/ip2sd/timing/ip764hduspsr2048x39m8b2s0r2p0d0_tmin_0.65v_0.65v_-40c.lib
I:cre100: Using library name: ip764hduspsr2048x39m8b2s0r2p0d0_tmin_0.65v_0.65v_-40c for file: /nfs/site/disks/ipg_scf_00159/ajavidi_ship/SHIP_23ww17d4/ip764hduspsr2048x39m8b2s0r2p0d0_work/ship/ip/ip764hduspsr2048x39m8b2s0r2p0d0/zsc11_scea121612_28Apr2023_044735/ip2sd/timing/ip764hduspsr2048x39m8b2s0r2p0d0_tmin_0.65v_0.65v_-40c.lib
E:scr0002: Python script received an unhandled 'CalledProcessError' exception.
           Traceback (most recent call last):
e:scr0003:   File "frc_run.py", line 127, in frc_run.main
e:scr0003:   File "frc_run.py", line 128, in frc_run.main
e:scr0003:   File "frc_run.py", line 108, in frc_run.run_script
e:scr0003:   File "frc_run.py", line 119, in frc_run.run_script
e:scr0003:   File
           "/p/hdk/cad/crossfire/2023.2.W07/binLinux64/python-3.7/lib/python3.7/
           subprocess.py", line 363, in check_call
               raise CalledProcessError(retcode, cmd)
e:scr0004: CalledProcessError: Command '['/bin/sh', '/tmp/tmpyopdvx_y.sh']'
           returned non-zero exit status 1.
04:52:23-XTERM-INFO: Exiting program.

04:52:01-INFO: Running: /nfs/site/disks/crt_tools_052/ipqa_xfire/23.01.005.p003/bin/crossfire.tcl -c {frc_run.py -s /nfs/site/disks/crt_tools_055/ip2sd/23.02.001/bin/lib_report_gadget.py -p "NLDM delay,NLDM transition,NLDM delay constraint" /tmp/tmp5ohdhocl /nfs/site/disks/ipg_scf_00159/ajavidi_ship/SHIP_23ww17d4/ip764hduspsr2048x39m8b2s0r2p0d0_work/ship/ip/ip764hduspsr2048x39m8b2s0r2p0d0/zsc11_scea121612_28Apr2023_044735/ip2sd -f /nfs/site/disks/ipg_scf_00159/ajavidi_ship/SHIP_23ww17d4/ip764hduspsr2048x39m8b2s0r2p0d0_work/ship/ip/ip764hduspsr2048x39m8b2s0r2p0d0/zsc11_scea121612_28Apr2023_044735/ip2sd/timing/ip764hduspsr2048xmultiprocessing.pool.RemoteTraceback: 
"""
Traceback (most recent call last):
  File "/usr/intel/pkgs/python3/3.6.3/lib/python3.6/multiprocessing/pool.py", line 119, in worker
    result = (True, func(*args, **kwds))
  File "/usr/intel/pkgs/python3/3.6.3/lib/python3.6/multiprocessing/pool.py", line 44, in mapstar
    return list(map(*args))
  File "/nfs/site/disks/crt_tools_055/ip2sd/23.02.001/bin/lib_report.py", line 102, in dataminer
    with open(output_file.name) as f:
FileNotFoundError: [Errno 2] No such file or directory: '/tmp/tmp5ohdhocl'
"""

The above exception was the direct cause of the following exception:

Traceback (most recent call last):
  File "/nfs/site/disks/crt_tools_055/ip2sd/23.02.001/bin/lib_report.py", line 108, in <module>
    sys.exit(main())
  File "/nfs/site/disks/crt_tools_055/ip2sd/23.02.001/bin/lib_report.py", line 43, in main
    lib_data_array = p.map(run_dataminer, args.files)
  File "/usr/intel/pkgs/python3/3.6.3/lib/python3.6/multiprocessing/pool.py", line 266, in map
    return self._map_async(func, iterable, mapstar, chunksize).get()
  File "/usr/intel/pkgs/python3/3.6.3/lib/python3.6/multiprocessing/pool.py", line 644, in get
    raise self._value
FileNotFoundError: [Errno 2] No such file or directory: '/tmp/tmp5ohdhocl'
Finished running ip2sd_checkinputs
